<?xml version="1.0" encoding="UTF-8"?>
<testsuite xmlns:xsi="http://www.w3.org/2001/XMLSchema-instance" xsi:noNamespaceSchemaLocation="https://maven.apache.org/surefire/maven-surefire-plugin/xsd/surefire-test-report-3.0.xsd" version="3.0" name="name.heavycarbon.jpl.callprolog.ConnectTest" time="0.124" tests="1" errors="1" skipped="0" failures="0">
  <properties>
[...]
</properties>
  <testcase name="gettingSettingDefaultInitArgs" classname="name.heavycarbon.jpl.callprolog.ConnectTest" time="0.106">
    <error type="java.lang.UnsatisfiedLinkError"><![CDATA[java.lang.UnsatisfiedLinkError: no jpl in java.library.path: [/usr/java/packages/lib, /usr/lib64, /lib64, /lib, /usr/lib]
	at name.heavycarbon.jpl.callprolog.ConnectTest.gettingSettingDefaultInitArgs(ConnectTest.java:15)
]]></error>
  </testcase>
</testsuite>